2026-04-15T23:42:44: C:\PROGRAM FILES\NODEJS\NPX.CMD:1
2026-04-15T23:42:44: :: Created by npm, please don't edit manually.
2026-04-15T23:42:44: ^
2026-04-15T23:42:44: 
2026-04-15T23:42:44: SyntaxError: Unexpected token ':'
2026-04-15T23:42:44:     at wrapSafe (node:internal/modules/cjs/loader:1620:18)
2026-04-15T23:42:44:     at Module._compile (node:internal/modules/cjs/loader:1662:20)
2026-04-15T23:42:44:     at Object..js (node:internal/modules/cjs/loader:1820:10)
2026-04-15T23:42:44:     at Module.load (node:internal/modules/cjs/loader:1423:32)
2026-04-15T23:42:44:     at Function._load (node:internal/modules/cjs/loader:1246:12)
2026-04-15T23:42:44:     at TracingChannel.traceSync (node:diagnostics_channel:322:14)
2026-04-15T23:42:44:     at wrapModuleLoad (node:internal/modules/cjs/loader:235:24)
2026-04-15T23:42:44:     at Function.executeUserEntryPoint [as runMain] (node:internal/modules/run_main:171:5)
2026-04-15T23:42:44:     at node:internal/main/run_main_module:36:49
2026-04-15T23:42:44: 
2026-04-15T23:42:44: Node.js v22.18.0
2026-04-15T23:42:44: C:\PROGRAM FILES\NODEJS\NPX.CMD:1
2026-04-15T23:42:44: :: Created by npm, please don't edit manually.
2026-04-15T23:42:44: ^
2026-04-15T23:42:44: 
2026-04-15T23:42:44: SyntaxError: Unexpected token ':'
2026-04-15T23:42:44:     at wrapSafe (node:internal/modules/cjs/loader:1620:18)
2026-04-15T23:42:44:     at Module._compile (node:internal/modules/cjs/loader:1662:20)
2026-04-15T23:42:44:     at Object..js (node:internal/modules/cjs/loader:1820:10)
2026-04-15T23:42:44:     at Module.load (node:internal/modules/cjs/loader:1423:32)
2026-04-15T23:42:44:     at Function._load (node:internal/modules/cjs/loader:1246:12)
2026-04-15T23:42:44:     at TracingChannel.traceSync (node:diagnostics_channel:322:14)
2026-04-15T23:42:44:     at wrapModuleLoad (node:internal/modules/cjs/loader:235:24)
2026-04-15T23:42:44:     at Function.executeUserEntryPoint [as runMain] (node:internal/modules/run_main:171:5)
2026-04-15T23:42:44:     at node:internal/main/run_main_module:36:49
2026-04-15T23:42:44: 
2026-04-15T23:42:44: Node.js v22.18.0
2026-04-15T23:42:44: C:\PROGRAM FILES\NODEJS\NPX.CMD:1
2026-04-15T23:42:44: :: Created by npm, please don't edit manually.
2026-04-15T23:42:44: ^
2026-04-15T23:42:44: 
2026-04-15T23:42:44: SyntaxError: Unexpected token ':'
2026-04-15T23:42:44:     at wrapSafe (node:internal/modules/cjs/loader:1620:18)
2026-04-15T23:42:44:     at Module._compile (node:internal/modules/cjs/loader:1662:20)
2026-04-15T23:42:44:     at Object..js (node:internal/modules/cjs/loader:1820:10)
2026-04-15T23:42:44:     at Module.load (node:internal/modules/cjs/loader:1423:32)
2026-04-15T23:42:44:     at Function._load (node:internal/modules/cjs/loader:1246:12)
2026-04-15T23:42:44:     at TracingChannel.traceSync (node:diagnostics_channel:322:14)
2026-04-15T23:42:44:     at wrapModuleLoad (node:internal/modules/cjs/loader:235:24)
2026-04-15T23:42:44:     at Function.executeUserEntryPoint [as runMain] (node:internal/modules/run_main:171:5)
2026-04-15T23:42:44:     at node:internal/main/run_main_module:36:49
2026-04-15T23:42:44: 
2026-04-15T23:42:44: Node.js v22.18.0
2026-04-15T23:42:44: C:\PROGRAM FILES\NODEJS\NPX.CMD:1
2026-04-15T23:42:44: :: Created by npm, please don't edit manually.
2026-04-15T23:42:44: ^
2026-04-15T23:42:44: 
2026-04-15T23:42:44: SyntaxError: Unexpected token ':'
2026-04-15T23:42:44:     at wrapSafe (node:internal/modules/cjs/loader:1620:18)
2026-04-15T23:42:44:     at Module._compile (node:internal/modules/cjs/loader:1662:20)
2026-04-15T23:42:44:     at Object..js (node:internal/modules/cjs/loader:1820:10)
2026-04-15T23:42:44:     at Module.load (node:internal/modules/cjs/loader:1423:32)
2026-04-15T23:42:44:     at Function._load (node:internal/modules/cjs/loader:1246:12)
2026-04-15T23:42:44:     at TracingChannel.traceSync (node:diagnostics_channel:322:14)
2026-04-15T23:42:44:     at wrapModuleLoad (node:internal/modules/cjs/loader:235:24)
2026-04-15T23:42:44:     at Function.executeUserEntryPoint [as runMain] (node:internal/modules/run_main:171:5)
2026-04-15T23:42:44:     at node:internal/main/run_main_module:36:49
2026-04-15T23:42:44: 
2026-04-15T23:42:44: Node.js v22.18.0
2026-04-15T23:42:44: C:\PROGRAM FILES\NODEJS\NPX.CMD:1
2026-04-15T23:42:44: :: Created by npm, please don't edit manually.
2026-04-15T23:42:44: ^
2026-04-15T23:42:44: 
2026-04-15T23:42:44: SyntaxError: Unexpected token ':'
2026-04-15T23:42:44:     at wrapSafe (node:internal/modules/cjs/loader:1620:18)
2026-04-15T23:42:44:     at Module._compile (node:internal/modules/cjs/loader:1662:20)
2026-04-15T23:42:44:     at Object..js (node:internal/modules/cjs/loader:1820:10)
2026-04-15T23:42:44:     at Module.load (node:internal/modules/cjs/loader:1423:32)
2026-04-15T23:42:44:     at Function._load (node:internal/modules/cjs/loader:1246:12)
2026-04-15T23:42:44:     at TracingChannel.traceSync (node:diagnostics_channel:322:14)
2026-04-15T23:42:44:     at wrapModuleLoad (node:internal/modules/cjs/loader:235:24)
2026-04-15T23:42:44:     at Function.executeUserEntryPoint [as runMain] (node:internal/modules/run_main:171:5)
2026-04-15T23:42:44:     at node:internal/main/run_main_module:36:49
2026-04-15T23:42:44: 
2026-04-15T23:42:44: Node.js v22.18.0
2026-04-15T23:42:44: C:\PROGRAM FILES\NODEJS\NPX.CMD:1
2026-04-15T23:42:44: :: Created by npm, please don't edit manually.
2026-04-15T23:42:44: ^
2026-04-15T23:42:44: 
2026-04-15T23:42:44: SyntaxError: Unexpected token ':'
2026-04-15T23:42:44:     at wrapSafe (node:internal/modules/cjs/loader:1620:18)
2026-04-15T23:42:44:     at Module._compile (node:internal/modules/cjs/loader:1662:20)
2026-04-15T23:42:44:     at Object..js (node:internal/modules/cjs/loader:1820:10)
2026-04-15T23:42:44:     at Module.load (node:internal/modules/cjs/loader:1423:32)
2026-04-15T23:42:44:     at Function._load (node:internal/modules/cjs/loader:1246:12)
2026-04-15T23:42:44:     at TracingChannel.traceSync (node:diagnostics_channel:322:14)
2026-04-15T23:42:44:     at wrapModuleLoad (node:internal/modules/cjs/loader:235:24)
2026-04-15T23:42:44:     at Function.executeUserEntryPoint [as runMain] (node:internal/modules/run_main:171:5)
2026-04-15T23:42:44:     at node:internal/main/run_main_module:36:49
2026-04-15T23:42:44: 
2026-04-15T23:42:44: Node.js v22.18.0
2026-04-15T23:42:44: C:\PROGRAM FILES\NODEJS\NPX.CMD:1
2026-04-15T23:42:44: :: Created by npm, please don't edit manually.
2026-04-15T23:42:44: ^
2026-04-15T23:42:44: 
2026-04-15T23:42:44: SyntaxError: Unexpected token ':'
2026-04-15T23:42:44:     at wrapSafe (node:internal/modules/cjs/loader:1620:18)
2026-04-15T23:42:44:     at Module._compile (node:internal/modules/cjs/loader:1662:20)
2026-04-15T23:42:44:     at Object..js (node:internal/modules/cjs/loader:1820:10)
2026-04-15T23:42:44:     at Module.load (node:internal/modules/cjs/loader:1423:32)
2026-04-15T23:42:44:     at Function._load (node:internal/modules/cjs/loader:1246:12)
2026-04-15T23:42:44:     at TracingChannel.traceSync (node:diagnostics_channel:322:14)
2026-04-15T23:42:44:     at wrapModuleLoad (node:internal/modules/cjs/loader:235:24)
2026-04-15T23:42:44:     at Function.executeUserEntryPoint [as runMain] (node:internal/modules/run_main:171:5)
2026-04-15T23:42:44:     at node:internal/main/run_main_module:36:49
2026-04-15T23:42:44: 
2026-04-15T23:42:44: Node.js v22.18.0
2026-04-15T23:42:44: C:\PROGRAM FILES\NODEJS\NPX.CMD:1
2026-04-15T23:42:44: :: Created by npm, please don't edit manually.
2026-04-15T23:42:44: ^
2026-04-15T23:42:44: 
2026-04-15T23:42:44: SyntaxError: Unexpected token ':'
2026-04-15T23:42:44:     at wrapSafe (node:internal/modules/cjs/loader:1620:18)
2026-04-15T23:42:44:     at Module._compile (node:internal/modules/cjs/loader:1662:20)
2026-04-15T23:42:44:     at Object..js (node:internal/modules/cjs/loader:1820:10)
2026-04-15T23:42:44:     at Module.load (node:internal/modules/cjs/loader:1423:32)
2026-04-15T23:42:44:     at Function._load (node:internal/modules/cjs/loader:1246:12)
2026-04-15T23:42:44:     at TracingChannel.traceSync (node:diagnostics_channel:322:14)
2026-04-15T23:42:44:     at wrapModuleLoad (node:internal/modules/cjs/loader:235:24)
2026-04-15T23:42:44:     at Function.executeUserEntryPoint [as runMain] (node:internal/modules/run_main:171:5)
2026-04-15T23:42:44:     at node:internal/main/run_main_module:36:49
2026-04-15T23:42:44: 
2026-04-15T23:42:44: Node.js v22.18.0
2026-04-15T23:42:44: C:\PROGRAM FILES\NODEJS\NPX.CMD:1
2026-04-15T23:42:44: :: Created by npm, please don't edit manually.
2026-04-15T23:42:44: ^
2026-04-15T23:42:44: 
2026-04-15T23:42:44: SyntaxError: Unexpected token ':'
2026-04-15T23:42:44:     at wrapSafe (node:internal/modules/cjs/loader:1620:18)
2026-04-15T23:42:44:     at Module._compile (node:internal/modules/cjs/loader:1662:20)
2026-04-15T23:42:44:     at Object..js (node:internal/modules/cjs/loader:1820:10)
2026-04-15T23:42:44:     at Module.load (node:internal/modules/cjs/loader:1423:32)
2026-04-15T23:42:44:     at Function._load (node:internal/modules/cjs/loader:1246:12)
2026-04-15T23:42:44:     at TracingChannel.traceSync (node:diagnostics_channel:322:14)
2026-04-15T23:42:44:     at wrapModuleLoad (node:internal/modules/cjs/loader:235:24)
2026-04-15T23:42:44:     at Function.executeUserEntryPoint [as runMain] (node:internal/modules/run_main:171:5)
2026-04-15T23:42:44:     at node:internal/main/run_main_module:36:49
2026-04-15T23:42:44: 
2026-04-15T23:42:44: Node.js v22.18.0
2026-04-15T23:42:44: C:\PROGRAM FILES\NODEJS\NPX.CMD:1
2026-04-15T23:42:44: :: Created by npm, please don't edit manually.
2026-04-15T23:42:44: ^
2026-04-15T23:42:44: 
2026-04-15T23:42:44: SyntaxError: Unexpected token ':'
2026-04-15T23:42:44:     at wrapSafe (node:internal/modules/cjs/loader:1620:18)
2026-04-15T23:42:44:     at Module._compile (node:internal/modules/cjs/loader:1662:20)
2026-04-15T23:42:44:     at Object..js (node:internal/modules/cjs/loader:1820:10)
2026-04-15T23:42:44:     at Module.load (node:internal/modules/cjs/loader:1423:32)
2026-04-15T23:42:44:     at Function._load (node:internal/modules/cjs/loader:1246:12)
2026-04-15T23:42:44:     at TracingChannel.traceSync (node:diagnostics_channel:322:14)
2026-04-15T23:42:44:     at wrapModuleLoad (node:internal/modules/cjs/loader:235:24)
2026-04-15T23:42:44:     at Function.executeUserEntryPoint [as runMain] (node:internal/modules/run_main:171:5)
2026-04-15T23:42:44:     at node:internal/main/run_main_module:36:49
2026-04-15T23:42:44: 
2026-04-15T23:42:44: Node.js v22.18.0
2026-04-15T23:42:44: C:\PROGRAM FILES\NODEJS\NPX.CMD:1
2026-04-15T23:42:44: :: Created by npm, please don't edit manually.
2026-04-15T23:42:44: ^
2026-04-15T23:42:44: 
2026-04-15T23:42:44: SyntaxError: Unexpected token ':'
2026-04-15T23:42:44:     at wrapSafe (node:internal/modules/cjs/loader:1620:18)
2026-04-15T23:42:44:     at Module._compile (node:internal/modules/cjs/loader:1662:20)
2026-04-15T23:42:44:     at Object..js (node:internal/modules/cjs/loader:1820:10)
2026-04-15T23:42:44:     at Module.load (node:internal/modules/cjs/loader:1423:32)
2026-04-15T23:42:44:     at Function._load (node:internal/modules/cjs/loader:1246:12)
2026-04-15T23:42:44:     at TracingChannel.traceSync (node:diagnostics_channel:322:14)
2026-04-15T23:42:44:     at wrapModuleLoad (node:internal/modules/cjs/loader:235:24)
2026-04-15T23:42:44:     at Function.executeUserEntryPoint [as runMain] (node:internal/modules/run_main:171:5)
2026-04-15T23:42:44:     at node:internal/main/run_main_module:36:49
2026-04-15T23:42:44: 
2026-04-15T23:42:44: Node.js v22.18.0
2026-04-15T23:42:44: C:\PROGRAM FILES\NODEJS\NPX.CMD:1
2026-04-15T23:42:44: :: Created by npm, please don't edit manually.
2026-04-15T23:42:44: ^
2026-04-15T23:42:44: 
2026-04-15T23:42:44: SyntaxError: Unexpected token ':'
2026-04-15T23:42:44:     at wrapSafe (node:internal/modules/cjs/loader:1620:18)
2026-04-15T23:42:44:     at Module._compile (node:internal/modules/cjs/loader:1662:20)
2026-04-15T23:42:44:     at Object..js (node:internal/modules/cjs/loader:1820:10)
2026-04-15T23:42:44:     at Module.load (node:internal/modules/cjs/loader:1423:32)
2026-04-15T23:42:44:     at Function._load (node:internal/modules/cjs/loader:1246:12)
2026-04-15T23:42:44:     at TracingChannel.traceSync (node:diagnostics_channel:322:14)
2026-04-15T23:42:44:     at wrapModuleLoad (node:internal/modules/cjs/loader:235:24)
2026-04-15T23:42:44:     at Function.executeUserEntryPoint [as runMain] (node:internal/modules/run_main:171:5)
2026-04-15T23:42:44:     at node:internal/main/run_main_module:36:49
2026-04-15T23:42:44: 
2026-04-15T23:42:44: Node.js v22.18.0
2026-04-15T23:42:44: C:\PROGRAM FILES\NODEJS\NPX.CMD:1
2026-04-15T23:42:44: :: Created by npm, please don't edit manually.
2026-04-15T23:42:44: ^
2026-04-15T23:42:44: 
2026-04-15T23:42:44: SyntaxError: Unexpected token ':'
2026-04-15T23:42:44:     at wrapSafe (node:internal/modules/cjs/loader:1620:18)
2026-04-15T23:42:44:     at Module._compile (node:internal/modules/cjs/loader:1662:20)
2026-04-15T23:42:44:     at Object..js (node:internal/modules/cjs/loader:1820:10)
2026-04-15T23:42:44:     at Module.load (node:internal/modules/cjs/loader:1423:32)
2026-04-15T23:42:44:     at Function._load (node:internal/modules/cjs/loader:1246:12)
2026-04-15T23:42:44:     at TracingChannel.traceSync (node:diagnostics_channel:322:14)
2026-04-15T23:42:44:     at wrapModuleLoad (node:internal/modules/cjs/loader:235:24)
2026-04-15T23:42:44:     at Function.executeUserEntryPoint [as runMain] (node:internal/modules/run_main:171:5)
2026-04-15T23:42:44:     at node:internal/main/run_main_module:36:49
2026-04-15T23:42:44: 
2026-04-15T23:42:44: Node.js v22.18.0
2026-04-15T23:42:44: C:\PROGRAM FILES\NODEJS\NPX.CMD:1
2026-04-15T23:42:44: :: Created by npm, please don't edit manually.
2026-04-15T23:42:44: ^
2026-04-15T23:42:44: 
2026-04-15T23:42:44: SyntaxError: Unexpected token ':'
2026-04-15T23:42:44:     at wrapSafe (node:internal/modules/cjs/loader:1620:18)
2026-04-15T23:42:44:     at Module._compile (node:internal/modules/cjs/loader:1662:20)
2026-04-15T23:42:44:     at Object..js (node:internal/modules/cjs/loader:1820:10)
2026-04-15T23:42:44:     at Module.load (node:internal/modules/cjs/loader:1423:32)
2026-04-15T23:42:44:     at Function._load (node:internal/modules/cjs/loader:1246:12)
2026-04-15T23:42:44:     at TracingChannel.traceSync (node:diagnostics_channel:322:14)
2026-04-15T23:42:44:     at wrapModuleLoad (node:internal/modules/cjs/loader:235:24)
2026-04-15T23:42:44:     at Function.executeUserEntryPoint [as runMain] (node:internal/modules/run_main:171:5)
2026-04-15T23:42:44:     at node:internal/main/run_main_module:36:49
2026-04-15T23:42:44: 
2026-04-15T23:42:44: Node.js v22.18.0
2026-04-15T23:42:45: C:\PROGRAM FILES\NODEJS\NPX.CMD:1
2026-04-15T23:42:45: :: Created by npm, please don't edit manually.
2026-04-15T23:42:45: ^
2026-04-15T23:42:45: 
2026-04-15T23:42:45: SyntaxError: Unexpected token ':'
2026-04-15T23:42:45:     at wrapSafe (node:internal/modules/cjs/loader:1620:18)
2026-04-15T23:42:45:     at Module._compile (node:internal/modules/cjs/loader:1662:20)
2026-04-15T23:42:45:     at Object..js (node:internal/modules/cjs/loader:1820:10)
2026-04-15T23:42:45:     at Module.load (node:internal/modules/cjs/loader:1423:32)
2026-04-15T23:42:45:     at Function._load (node:internal/modules/cjs/loader:1246:12)
2026-04-15T23:42:45:     at TracingChannel.traceSync (node:diagnostics_channel:322:14)
2026-04-15T23:42:45:     at wrapModuleLoad (node:internal/modules/cjs/loader:235:24)
2026-04-15T23:42:45:     at Function.executeUserEntryPoint [as runMain] (node:internal/modules/run_main:171:5)
2026-04-15T23:42:45:     at node:internal/main/run_main_module:36:49
2026-04-15T23:42:45: 
2026-04-15T23:42:45: Node.js v22.18.0
2026-04-15T23:42:45: C:\PROGRAM FILES\NODEJS\NPX.CMD:1
2026-04-15T23:42:45: :: Created by npm, please don't edit manually.
2026-04-15T23:42:45: ^
2026-04-15T23:42:45: 
2026-04-15T23:42:45: SyntaxError: Unexpected token ':'
2026-04-15T23:42:45:     at wrapSafe (node:internal/modules/cjs/loader:1620:18)
2026-04-15T23:42:45:     at Module._compile (node:internal/modules/cjs/loader:1662:20)
2026-04-15T23:42:45:     at Object..js (node:internal/modules/cjs/loader:1820:10)
2026-04-15T23:42:45:     at Module.load (node:internal/modules/cjs/loader:1423:32)
2026-04-15T23:42:45:     at Function._load (node:internal/modules/cjs/loader:1246:12)
2026-04-15T23:42:45:     at TracingChannel.traceSync (node:diagnostics_channel:322:14)
2026-04-15T23:42:45:     at wrapModuleLoad (node:internal/modules/cjs/loader:235:24)
2026-04-15T23:42:45:     at Function.executeUserEntryPoint [as runMain] (node:internal/modules/run_main:171:5)
2026-04-15T23:42:45:     at node:internal/main/run_main_module:36:49
2026-04-15T23:42:45: 
2026-04-15T23:42:45: Node.js v22.18.0
2026-04-15T23:44:02: C:\PROGRAM FILES\NODEJS\NPX.CMD:1
2026-04-15T23:44:02: :: Created by npm, please don't edit manually.
2026-04-15T23:44:02: ^
2026-04-15T23:44:02: 
2026-04-15T23:44:02: SyntaxError: Unexpected token ':'
2026-04-15T23:44:02:     at wrapSafe (node:internal/modules/cjs/loader:1620:18)
2026-04-15T23:44:02:     at Module._compile (node:internal/modules/cjs/loader:1662:20)
2026-04-15T23:44:02:     at Object..js (node:internal/modules/cjs/loader:1820:10)
2026-04-15T23:44:02:     at Module.load (node:internal/modules/cjs/loader:1423:32)
2026-04-15T23:44:02:     at Function._load (node:internal/modules/cjs/loader:1246:12)
2026-04-15T23:44:02:     at TracingChannel.traceSync (node:diagnostics_channel:322:14)
2026-04-15T23:44:02:     at wrapModuleLoad (node:internal/modules/cjs/loader:235:24)
2026-04-15T23:44:02:     at Function.executeUserEntryPoint [as runMain] (node:internal/modules/run_main:171:5)
2026-04-15T23:44:02:     at node:internal/main/run_main_module:36:49
2026-04-15T23:44:02: 
2026-04-15T23:44:02: Node.js v22.18.0
2026-04-15T23:44:02: C:\PROGRAM FILES\NODEJS\NPX.CMD:1
2026-04-15T23:44:02: :: Created by npm, please don't edit manually.
2026-04-15T23:44:02: ^
2026-04-15T23:44:02: 
2026-04-15T23:44:02: SyntaxError: Unexpected token ':'
2026-04-15T23:44:02:     at wrapSafe (node:internal/modules/cjs/loader:1620:18)
2026-04-15T23:44:02:     at Module._compile (node:internal/modules/cjs/loader:1662:20)
2026-04-15T23:44:02:     at Object..js (node:internal/modules/cjs/loader:1820:10)
2026-04-15T23:44:02:     at Module.load (node:internal/modules/cjs/loader:1423:32)
2026-04-15T23:44:02:     at Function._load (node:internal/modules/cjs/loader:1246:12)
2026-04-15T23:44:02:     at TracingChannel.traceSync (node:diagnostics_channel:322:14)
2026-04-15T23:44:02:     at wrapModuleLoad (node:internal/modules/cjs/loader:235:24)
2026-04-15T23:44:02:     at Function.executeUserEntryPoint [as runMain] (node:internal/modules/run_main:171:5)
2026-04-15T23:44:02:     at node:internal/main/run_main_module:36:49
2026-04-15T23:44:02: 
2026-04-15T23:44:02: Node.js v22.18.0
2026-04-15T23:44:02: C:\PROGRAM FILES\NODEJS\NPX.CMD:1
2026-04-15T23:44:02: :: Created by npm, please don't edit manually.
2026-04-15T23:44:02: ^
2026-04-15T23:44:02: 
2026-04-15T23:44:02: SyntaxError: Unexpected token ':'
2026-04-15T23:44:02:     at wrapSafe (node:internal/modules/cjs/loader:1620:18)
2026-04-15T23:44:02:     at Module._compile (node:internal/modules/cjs/loader:1662:20)
2026-04-15T23:44:02:     at Object..js (node:internal/modules/cjs/loader:1820:10)
2026-04-15T23:44:02:     at Module.load (node:internal/modules/cjs/loader:1423:32)
2026-04-15T23:44:02:     at Function._load (node:internal/modules/cjs/loader:1246:12)
2026-04-15T23:44:02:     at TracingChannel.traceSync (node:diagnostics_channel:322:14)
2026-04-15T23:44:02:     at wrapModuleLoad (node:internal/modules/cjs/loader:235:24)
2026-04-15T23:44:02:     at Function.executeUserEntryPoint [as runMain] (node:internal/modules/run_main:171:5)
2026-04-15T23:44:02:     at node:internal/main/run_main_module:36:49
2026-04-15T23:44:02: 
2026-04-15T23:44:02: Node.js v22.18.0
2026-04-15T23:44:02: C:\PROGRAM FILES\NODEJS\NPX.CMD:1
2026-04-15T23:44:02: :: Created by npm, please don't edit manually.
2026-04-15T23:44:02: ^
2026-04-15T23:44:02: 
2026-04-15T23:44:02: SyntaxError: Unexpected token ':'
2026-04-15T23:44:02:     at wrapSafe (node:internal/modules/cjs/loader:1620:18)
2026-04-15T23:44:02:     at Module._compile (node:internal/modules/cjs/loader:1662:20)
2026-04-15T23:44:02:     at Object..js (node:internal/modules/cjs/loader:1820:10)
2026-04-15T23:44:02:     at Module.load (node:internal/modules/cjs/loader:1423:32)
2026-04-15T23:44:02:     at Function._load (node:internal/modules/cjs/loader:1246:12)
2026-04-15T23:44:02:     at TracingChannel.traceSync (node:diagnostics_channel:322:14)
2026-04-15T23:44:02:     at wrapModuleLoad (node:internal/modules/cjs/loader:235:24)
2026-04-15T23:44:02:     at Function.executeUserEntryPoint [as runMain] (node:internal/modules/run_main:171:5)
2026-04-15T23:44:02:     at node:internal/main/run_main_module:36:49
2026-04-15T23:44:02: 
2026-04-15T23:44:02: Node.js v22.18.0
2026-04-15T23:44:02: C:\PROGRAM FILES\NODEJS\NPX.CMD:1
2026-04-15T23:44:02: :: Created by npm, please don't edit manually.
2026-04-15T23:44:02: ^
2026-04-15T23:44:02: 
2026-04-15T23:44:02: SyntaxError: Unexpected token ':'
2026-04-15T23:44:02:     at wrapSafe (node:internal/modules/cjs/loader:1620:18)
2026-04-15T23:44:02:     at Module._compile (node:internal/modules/cjs/loader:1662:20)
2026-04-15T23:44:02:     at Object..js (node:internal/modules/cjs/loader:1820:10)
2026-04-15T23:44:02:     at Module.load (node:internal/modules/cjs/loader:1423:32)
2026-04-15T23:44:02:     at Function._load (node:internal/modules/cjs/loader:1246:12)
2026-04-15T23:44:02:     at TracingChannel.traceSync (node:diagnostics_channel:322:14)
2026-04-15T23:44:02:     at wrapModuleLoad (node:internal/modules/cjs/loader:235:24)
2026-04-15T23:44:02:     at Function.executeUserEntryPoint [as runMain] (node:internal/modules/run_main:171:5)
2026-04-15T23:44:02:     at node:internal/main/run_main_module:36:49
2026-04-15T23:44:02: 
2026-04-15T23:44:02: Node.js v22.18.0
2026-04-15T23:44:02: C:\PROGRAM FILES\NODEJS\NPX.CMD:1
2026-04-15T23:44:02: :: Created by npm, please don't edit manually.
2026-04-15T23:44:02: ^
2026-04-15T23:44:02: 
2026-04-15T23:44:02: SyntaxError: Unexpected token ':'
2026-04-15T23:44:02:     at wrapSafe (node:internal/modules/cjs/loader:1620:18)
2026-04-15T23:44:02:     at Module._compile (node:internal/modules/cjs/loader:1662:20)
2026-04-15T23:44:02:     at Object..js (node:internal/modules/cjs/loader:1820:10)
2026-04-15T23:44:02:     at Module.load (node:internal/modules/cjs/loader:1423:32)
2026-04-15T23:44:02:     at Function._load (node:internal/modules/cjs/loader:1246:12)
2026-04-15T23:44:02:     at TracingChannel.traceSync (node:diagnostics_channel:322:14)
2026-04-15T23:44:02:     at wrapModuleLoad (node:internal/modules/cjs/loader:235:24)
2026-04-15T23:44:02:     at Function.executeUserEntryPoint [as runMain] (node:internal/modules/run_main:171:5)
2026-04-15T23:44:02:     at node:internal/main/run_main_module:36:49
2026-04-15T23:44:02: 
2026-04-15T23:44:02: Node.js v22.18.0
2026-04-15T23:44:02: C:\PROGRAM FILES\NODEJS\NPX.CMD:1
2026-04-15T23:44:02: :: Created by npm, please don't edit manually.
2026-04-15T23:44:02: ^
2026-04-15T23:44:02: 
2026-04-15T23:44:02: SyntaxError: Unexpected token ':'
2026-04-15T23:44:02:     at wrapSafe (node:internal/modules/cjs/loader:1620:18)
2026-04-15T23:44:02:     at Module._compile (node:internal/modules/cjs/loader:1662:20)
2026-04-15T23:44:02:     at Object..js (node:internal/modules/cjs/loader:1820:10)
2026-04-15T23:44:02:     at Module.load (node:internal/modules/cjs/loader:1423:32)
2026-04-15T23:44:02:     at Function._load (node:internal/modules/cjs/loader:1246:12)
2026-04-15T23:44:02:     at TracingChannel.traceSync (node:diagnostics_channel:322:14)
2026-04-15T23:44:02:     at wrapModuleLoad (node:internal/modules/cjs/loader:235:24)
2026-04-15T23:44:02:     at Function.executeUserEntryPoint [as runMain] (node:internal/modules/run_main:171:5)
2026-04-15T23:44:02:     at node:internal/main/run_main_module:36:49
2026-04-15T23:44:02: 
2026-04-15T23:44:02: Node.js v22.18.0
2026-04-15T23:44:02: C:\PROGRAM FILES\NODEJS\NPX.CMD:1
2026-04-15T23:44:02: :: Created by npm, please don't edit manually.
2026-04-15T23:44:02: ^
2026-04-15T23:44:02: 
2026-04-15T23:44:02: SyntaxError: Unexpected token ':'
2026-04-15T23:44:02:     at wrapSafe (node:internal/modules/cjs/loader:1620:18)
2026-04-15T23:44:02:     at Module._compile (node:internal/modules/cjs/loader:1662:20)
2026-04-15T23:44:02:     at Object..js (node:internal/modules/cjs/loader:1820:10)
2026-04-15T23:44:02:     at Module.load (node:internal/modules/cjs/loader:1423:32)
2026-04-15T23:44:02:     at Function._load (node:internal/modules/cjs/loader:1246:12)
2026-04-15T23:44:02:     at TracingChannel.traceSync (node:diagnostics_channel:322:14)
2026-04-15T23:44:02:     at wrapModuleLoad (node:internal/modules/cjs/loader:235:24)
2026-04-15T23:44:02:     at Function.executeUserEntryPoint [as runMain] (node:internal/modules/run_main:171:5)
2026-04-15T23:44:02:     at node:internal/main/run_main_module:36:49
2026-04-15T23:44:02: 
2026-04-15T23:44:02: Node.js v22.18.0
2026-04-15T23:44:02: C:\PROGRAM FILES\NODEJS\NPX.CMD:1
2026-04-15T23:44:02: :: Created by npm, please don't edit manually.
2026-04-15T23:44:02: ^
2026-04-15T23:44:02: 
2026-04-15T23:44:02: SyntaxError: Unexpected token ':'
2026-04-15T23:44:02:     at wrapSafe (node:internal/modules/cjs/loader:1620:18)
2026-04-15T23:44:02:     at Module._compile (node:internal/modules/cjs/loader:1662:20)
2026-04-15T23:44:02:     at Object..js (node:internal/modules/cjs/loader:1820:10)
2026-04-15T23:44:02:     at Module.load (node:internal/modules/cjs/loader:1423:32)
2026-04-15T23:44:02:     at Function._load (node:internal/modules/cjs/loader:1246:12)
2026-04-15T23:44:02:     at TracingChannel.traceSync (node:diagnostics_channel:322:14)
2026-04-15T23:44:02:     at wrapModuleLoad (node:internal/modules/cjs/loader:235:24)
2026-04-15T23:44:02:     at Function.executeUserEntryPoint [as runMain] (node:internal/modules/run_main:171:5)
2026-04-15T23:44:02:     at node:internal/main/run_main_module:36:49
2026-04-15T23:44:02: 
2026-04-15T23:44:02: Node.js v22.18.0
2026-04-15T23:44:02: C:\PROGRAM FILES\NODEJS\NPX.CMD:1
2026-04-15T23:44:02: :: Created by npm, please don't edit manually.
2026-04-15T23:44:02: ^
2026-04-15T23:44:02: 
2026-04-15T23:44:02: SyntaxError: Unexpected token ':'
2026-04-15T23:44:02:     at wrapSafe (node:internal/modules/cjs/loader:1620:18)
2026-04-15T23:44:02:     at Module._compile (node:internal/modules/cjs/loader:1662:20)
2026-04-15T23:44:02:     at Object..js (node:internal/modules/cjs/loader:1820:10)
2026-04-15T23:44:02:     at Module.load (node:internal/modules/cjs/loader:1423:32)
2026-04-15T23:44:02:     at Function._load (node:internal/modules/cjs/loader:1246:12)
2026-04-15T23:44:02:     at TracingChannel.traceSync (node:diagnostics_channel:322:14)
2026-04-15T23:44:02:     at wrapModuleLoad (node:internal/modules/cjs/loader:235:24)
2026-04-15T23:44:02:     at Function.executeUserEntryPoint [as runMain] (node:internal/modules/run_main:171:5)
2026-04-15T23:44:02:     at node:internal/main/run_main_module:36:49
2026-04-15T23:44:02: 
2026-04-15T23:44:02: Node.js v22.18.0
2026-04-15T23:44:02: C:\PROGRAM FILES\NODEJS\NPX.CMD:1
2026-04-15T23:44:02: :: Created by npm, please don't edit manually.
2026-04-15T23:44:02: ^
2026-04-15T23:44:02: 
2026-04-15T23:44:02: SyntaxError: Unexpected token ':'
2026-04-15T23:44:02:     at wrapSafe (node:internal/modules/cjs/loader:1620:18)
2026-04-15T23:44:02:     at Module._compile (node:internal/modules/cjs/loader:1662:20)
2026-04-15T23:44:02:     at Object..js (node:internal/modules/cjs/loader:1820:10)
2026-04-15T23:44:02:     at Module.load (node:internal/modules/cjs/loader:1423:32)
2026-04-15T23:44:02:     at Function._load (node:internal/modules/cjs/loader:1246:12)
2026-04-15T23:44:02:     at TracingChannel.traceSync (node:diagnostics_channel:322:14)
2026-04-15T23:44:02:     at wrapModuleLoad (node:internal/modules/cjs/loader:235:24)
2026-04-15T23:44:02:     at Function.executeUserEntryPoint [as runMain] (node:internal/modules/run_main:171:5)
2026-04-15T23:44:02:     at node:internal/main/run_main_module:36:49
2026-04-15T23:44:02: 
2026-04-15T23:44:02: Node.js v22.18.0
2026-04-15T23:44:02: C:\PROGRAM FILES\NODEJS\NPX.CMD:1
2026-04-15T23:44:02: :: Created by npm, please don't edit manually.
2026-04-15T23:44:02: ^
2026-04-15T23:44:02: 
2026-04-15T23:44:02: SyntaxError: Unexpected token ':'
2026-04-15T23:44:02:     at wrapSafe (node:internal/modules/cjs/loader:1620:18)
2026-04-15T23:44:02:     at Module._compile (node:internal/modules/cjs/loader:1662:20)
2026-04-15T23:44:02:     at Object..js (node:internal/modules/cjs/loader:1820:10)
2026-04-15T23:44:02:     at Module.load (node:internal/modules/cjs/loader:1423:32)
2026-04-15T23:44:02:     at Function._load (node:internal/modules/cjs/loader:1246:12)
2026-04-15T23:44:02:     at TracingChannel.traceSync (node:diagnostics_channel:322:14)
2026-04-15T23:44:02:     at wrapModuleLoad (node:internal/modules/cjs/loader:235:24)
2026-04-15T23:44:02:     at Function.executeUserEntryPoint [as runMain] (node:internal/modules/run_main:171:5)
2026-04-15T23:44:02:     at node:internal/main/run_main_module:36:49
2026-04-15T23:44:02: 
2026-04-15T23:44:02: Node.js v22.18.0
2026-04-15T23:44:03: C:\PROGRAM FILES\NODEJS\NPX.CMD:1
2026-04-15T23:44:03: :: Created by npm, please don't edit manually.
2026-04-15T23:44:03: ^
2026-04-15T23:44:03: 
2026-04-15T23:44:03: SyntaxError: Unexpected token ':'
2026-04-15T23:44:03:     at wrapSafe (node:internal/modules/cjs/loader:1620:18)
2026-04-15T23:44:03:     at Module._compile (node:internal/modules/cjs/loader:1662:20)
2026-04-15T23:44:03:     at Object..js (node:internal/modules/cjs/loader:1820:10)
2026-04-15T23:44:03:     at Module.load (node:internal/modules/cjs/loader:1423:32)
2026-04-15T23:44:03:     at Function._load (node:internal/modules/cjs/loader:1246:12)
2026-04-15T23:44:03:     at TracingChannel.traceSync (node:diagnostics_channel:322:14)
2026-04-15T23:44:03:     at wrapModuleLoad (node:internal/modules/cjs/loader:235:24)
2026-04-15T23:44:03:     at Function.executeUserEntryPoint [as runMain] (node:internal/modules/run_main:171:5)
2026-04-15T23:44:03:     at node:internal/main/run_main_module:36:49
2026-04-15T23:44:03: 
2026-04-15T23:44:03: Node.js v22.18.0
2026-04-15T23:44:03: C:\PROGRAM FILES\NODEJS\NPX.CMD:1
2026-04-15T23:44:03: :: Created by npm, please don't edit manually.
2026-04-15T23:44:03: ^
2026-04-15T23:44:03: 
2026-04-15T23:44:03: SyntaxError: Unexpected token ':'
2026-04-15T23:44:03:     at wrapSafe (node:internal/modules/cjs/loader:1620:18)
2026-04-15T23:44:03:     at Module._compile (node:internal/modules/cjs/loader:1662:20)
2026-04-15T23:44:03:     at Object..js (node:internal/modules/cjs/loader:1820:10)
2026-04-15T23:44:03:     at Module.load (node:internal/modules/cjs/loader:1423:32)
2026-04-15T23:44:03:     at Function._load (node:internal/modules/cjs/loader:1246:12)
2026-04-15T23:44:03:     at TracingChannel.traceSync (node:diagnostics_channel:322:14)
2026-04-15T23:44:03:     at wrapModuleLoad (node:internal/modules/cjs/loader:235:24)
2026-04-15T23:44:03:     at Function.executeUserEntryPoint [as runMain] (node:internal/modules/run_main:171:5)
2026-04-15T23:44:03:     at node:internal/main/run_main_module:36:49
2026-04-15T23:44:03: 
2026-04-15T23:44:03: Node.js v22.18.0
2026-04-15T23:44:03: C:\PROGRAM FILES\NODEJS\NPX.CMD:1
2026-04-15T23:44:03: :: Created by npm, please don't edit manually.
2026-04-15T23:44:03: ^
2026-04-15T23:44:03: 
2026-04-15T23:44:03: SyntaxError: Unexpected token ':'
2026-04-15T23:44:03:     at wrapSafe (node:internal/modules/cjs/loader:1620:18)
2026-04-15T23:44:03:     at Module._compile (node:internal/modules/cjs/loader:1662:20)
2026-04-15T23:44:03:     at Object..js (node:internal/modules/cjs/loader:1820:10)
2026-04-15T23:44:03:     at Module.load (node:internal/modules/cjs/loader:1423:32)
2026-04-15T23:44:03:     at Function._load (node:internal/modules/cjs/loader:1246:12)
2026-04-15T23:44:03:     at TracingChannel.traceSync (node:diagnostics_channel:322:14)
2026-04-15T23:44:03:     at wrapModuleLoad (node:internal/modules/cjs/loader:235:24)
2026-04-15T23:44:03:     at Function.executeUserEntryPoint [as runMain] (node:internal/modules/run_main:171:5)
2026-04-15T23:44:03:     at node:internal/main/run_main_module:36:49
2026-04-15T23:44:03: 
2026-04-15T23:44:03: Node.js v22.18.0
2026-04-15T23:44:03: C:\PROGRAM FILES\NODEJS\NPX.CMD:1
2026-04-15T23:44:03: :: Created by npm, please don't edit manually.
2026-04-15T23:44:03: ^
2026-04-15T23:44:03: 
2026-04-15T23:44:03: SyntaxError: Unexpected token ':'
2026-04-15T23:44:03:     at wrapSafe (node:internal/modules/cjs/loader:1620:18)
2026-04-15T23:44:03:     at Module._compile (node:internal/modules/cjs/loader:1662:20)
2026-04-15T23:44:03:     at Object..js (node:internal/modules/cjs/loader:1820:10)
2026-04-15T23:44:03:     at Module.load (node:internal/modules/cjs/loader:1423:32)
2026-04-15T23:44:03:     at Function._load (node:internal/modules/cjs/loader:1246:12)
2026-04-15T23:44:03:     at TracingChannel.traceSync (node:diagnostics_channel:322:14)
2026-04-15T23:44:03:     at wrapModuleLoad (node:internal/modules/cjs/loader:235:24)
2026-04-15T23:44:03:     at Function.executeUserEntryPoint [as runMain] (node:internal/modules/run_main:171:5)
2026-04-15T23:44:03:     at node:internal/main/run_main_module:36:49
2026-04-15T23:44:03: 
2026-04-15T23:44:03: Node.js v22.18.0
